== Build lib
== Build lib/librte_kvargs
  CC rte_kvargs.o
  AR librte_kvargs.a
  INSTALL-LIB librte_kvargs.a
== Build lib/librte_eal
== Build lib/librte_eal/common
== Build lib/librte_eal/linux
== Build lib/librte_eal/linux/eal
  CC eal.o
  CC eal_cpuflags.o
  CC eal_hugepage_info.o
  CC eal_memory.o
  CC eal_thread.o
  CC eal_log.o
  CC eal_vfio.o
  CC eal_vfio_mp_sync.o
  CC eal_memalloc.o
  CC eal_debug.o
  CC eal_lcore.o
  CC eal_timer.o
  CC eal_interrupts.o
  CC eal_alarm.o
  CC eal_dev.o
  CC eal_common_lcore.o
  CC eal_common_memzone.o
  CC eal_common_timer.o
  CC eal_common_log.o
  CC eal_common_launch.o
  CC eal_common_mcfg.o
  CC eal_common_memalloc.o
  CC eal_common_memory.o
  CC eal_common_tailqs.o
  CC eal_common_errno.o
  CC eal_common_cpuflags.o
  CC eal_common_hypervisor.o
  CC eal_common_string_fns.o
  CC eal_common_hexdump.o
  CC eal_common_devargs.o
  CC eal_common_class.o
  CC eal_common_bus.o
  CC eal_common_dev.o
  CC eal_common_options.o
  CC eal_common_thread.o
  CC eal_common_proc.o
  CC eal_common_fbarray.o
  CC eal_common_uuid.o
  CC rte_malloc.o
  CC hotplug_mp.o
  CC malloc_elem.o
  CC malloc_heap.o
  CC malloc_mp.o
  CC rte_keepalive.o
  CC rte_option.o
  CC rte_service.o
  CC rte_random.o
  CC rte_reciprocal.o
  CC rte_cpuflags.o
  CC rte_hypervisor.o
  CC rte_spinlock.o
  CC rte_cycles.o
  AR librte_eal.a
  INSTALL-LIB librte_eal.a
== Build lib/librte_stack
== Build lib/librte_timer
== Build lib/librte_cfgfile
== Build lib/librte_acl
== Build lib/librte_ring
== Build lib/librte_pci
== Build lib/librte_meter
== Build lib/librte_jobstats
  CC rte_stack.o
  CC rte_jobstats.o
  CC rte_pci.o
  CC rte_ring.o
  CC rte_timer.o
  CC rte_meter.o
  CC tb_mem.o
  CC rte_cfgfile.o
  AR librte_pci.a
  INSTALL-LIB librte_pci.a
  AR librte_ring.a
  CC rte_acl.o
  INSTALL-LIB librte_ring.a
  CC rte_stack_std.o
== Build lib/librte_metrics
  AR librte_meter.a
  AR librte_cfgfile.a
  AR librte_jobstats.a
  INSTALL-LIB librte_meter.a
  CC rte_stack_lf.o
  INSTALL-LIB librte_cfgfile.a
  INSTALL-LIB librte_jobstats.a
== Build lib/librte_rcu
  CC acl_bld.o
== Build lib/librte_mempool
== Build lib/librte_hash
  AR librte_stack.a
  INSTALL-LIB librte_stack.a
  CC acl_gen.o
  CC acl_run_scalar.o
  AR librte_timer.a
  INSTALL-LIB librte_timer.a
== Build lib/librte_power
  CC rte_metrics.o
  CC rte_rcu_qsbr.o
  CC rte_mempool.o
  AR librte_metrics.a
  INSTALL-LIB librte_metrics.a
  CC rte_mempool_ops.o
  CC rte_mempool_ops_default.o
  CC acl_run_sse.o
  CC rte_cuckoo_hash.o
  CC acl_run_avx2.o
  CC rte_fbk_hash.o
  CC rte_power.o
  CC power_acpi_cpufreq.o
  AR librte_rcu.a
  INSTALL-LIB librte_rcu.a
  CC power_kvm_vm.o
  AR librte_mempool.a
  INSTALL-LIB librte_mempool.a
== Build lib/librte_mbuf
  CC guest_channel.o
  CC rte_power_empty_poll.o
  CC power_pstate_cpufreq.o
  AR librte_acl.a
  INSTALL-LIB librte_acl.a
  CC rte_mbuf.o
  CC rte_mbuf_ptype.o
  CC rte_mbuf_pool_ops.o
  AR librte_hash.a
  INSTALL-LIB librte_hash.a
== Build lib/librte_efd
== Build lib/librte_lpm
== Build lib/librte_member
  AR librte_power.a
  INSTALL-LIB librte_power.a
  AR librte_mbuf.a
  INSTALL-LIB librte_mbuf.a
== Build lib/librte_net
== Build lib/librte_bbdev
== Build lib/librte_reorder
== Build lib/librte_cryptodev
== Build lib/librte_compressdev
  CC rte_lpm.o
  CC rte_member.o
  CC rte_efd.o
  CC rte_reorder.o
  CC rte_member_ht.o
  CC rte_compressdev.o
  CC rte_net.o
  CC rte_bbdev.o
  CC rte_cryptodev.o
  CC rte_lpm6.o
  CC rte_net_crc.o
  AR librte_reorder.a
  INSTALL-LIB librte_reorder.a
  CC rte_ether.o
  AR librte_efd.a
  CC rte_member_vbf.o
  INSTALL-LIB librte_efd.a
  CC rte_arp.o
  AR librte_lpm.a
  INSTALL-LIB librte_lpm.a
  CC rte_cryptodev_pmd.o
  AR librte_member.a
  INSTALL-LIB librte_member.a
  CC rte_compressdev_pmd.o
  CC rte_comp.o
  AR librte_net.a
  INSTALL-LIB librte_net.a
== Build lib/librte_cmdline
== Build lib/librte_ethdev
== Build lib/librte_sched
  AR librte_cryptodev.a
  INSTALL-LIB librte_cryptodev.a
  CC cmdline.o
  CC ethdev_private.o
  CC cmdline_cirbuf.o
  CC rte_ethdev.o
  CC cmdline_parse.o
  CC rte_sched.o
  CC cmdline_parse_etheraddr.o
  AR librte_bbdev.a
  INSTALL-LIB librte_bbdev.a
  CC cmdline_parse_ipaddr.o
  CC cmdline_parse_num.o
  CC cmdline_parse_string.o
  CC cmdline_rdline.o
  CC cmdline_vt100.o
  CC cmdline_socket.o
  CC cmdline_parse_portlist.o
  CC rte_red.o
  CC rte_approx.o
  AR librte_cmdline.a
  INSTALL-LIB librte_cmdline.a
  CC rte_class_eth.o
  CC rte_flow.o
  CC rte_tm.o
  CC rte_mtr.o
  AR librte_compressdev.a
  INSTALL-LIB librte_compressdev.a
  CC ethdev_profile.o
  AR librte_sched.a
  INSTALL-LIB librte_sched.a
  AR librte_ethdev.a
  INSTALL-LIB librte_ethdev.a
== Build lib/librte_security
== Build lib/librte_ip_frag
== Build lib/librte_rawdev
== Build lib/librte_gro
== Build lib/librte_bitratestats
== Build lib/librte_vhost
== Build lib/librte_latencystats
== Build lib/librte_eventdev
  CC rte_security.o
  CC rte_ipv4_fragmentation.o
  CC rte_rawdev.o
  CC rte_bitrate.o
  CC rte_gro.o
  CC rte_latencystats.o
  CC rte_eventdev.o
  CC fd_man.o
  CC gro_tcp4.o
  AR librte_bitratestats.a
  INSTALL-LIB librte_bitratestats.a
  AR librte_rawdev.a
  CC iotlb.o
  AR librte_security.a
  INSTALL-LIB librte_rawdev.a
  CC rte_ipv6_fragmentation.o
  AR librte_latencystats.a
  INSTALL-LIB librte_security.a
== Build lib/librte_kni
  INSTALL-LIB librte_latencystats.a
== Build lib/librte_distributor
== Build lib/librte_pdump
  CC rte_event_ring.o
  CC rte_event_eth_rx_adapter.o
  CC gro_vxlan_tcp4.o
  CC rte_ipv4_reassembly.o
  CC rte_kni.o
  CC rte_pdump.o
  CC rte_distributor_v20.o
  CC socket.o
  AR librte_gro.a
  INSTALL-LIB librte_gro.a
== Build lib/librte_gso
  CC rte_ipv6_reassembly.o
  CC rte_event_timer_adapter.o
  CC rte_distributor.o
  AR librte_kni.a
  INSTALL-LIB librte_kni.a
  CC rte_ip_frag_common.o
== Build lib/librte_bpf
  AR librte_pdump.a
  INSTALL-LIB librte_pdump.a
== Build lib/librte_ipsec
  CC rte_gso.o
  CC vhost.o
  CC rte_distributor_match_sse.o
  CC gso_common.o
  CC ip_frag_internal.o
  CC rte_event_crypto_adapter.o
  CC bpf.o
  AR librte_distributor.a
  INSTALL-LIB librte_distributor.a
  CC rte_event_eth_tx_adapter.o
  CC esp_inb.o
  AR librte_ip_frag.a
  INSTALL-LIB librte_ip_frag.a
  CC esp_outb.o
  CC vhost_user.o
  CC gso_tcp4.o
  CC gso_tunnel_tcp4.o
  AR librte_eventdev.a
  CC gso_udp4.o
  INSTALL-LIB librte_eventdev.a
== Build lib/librte_port
  CC bpf_exec.o
  CC sa.o
  AR librte_gso.a
  INSTALL-LIB librte_gso.a
  CC bpf_load.o
  CC ses.o
  CC virtio_net.o
  CC rte_port_ethdev.o
  CC rte_port_ring.o
  CC rte_port_frag.o
  CC rte_port_ras.o
  CC bpf_pkt.o
  CC bpf_validate.o
  CC vdpa.o
  AR librte_ipsec.a
  INSTALL-LIB librte_ipsec.a
  CC vhost_crypto.o
  CC rte_port_sched.o
  CC rte_port_fd.o
  CC rte_port_kni.o
  CC rte_port_source_sink.o
  CC bpf_jit_x86.o
  CC rte_port_sym_crypto.o
  AR librte_port.a
  INSTALL-LIB librte_port.a
== Build lib/librte_table
  AR librte_bpf.a
  INSTALL-LIB librte_bpf.a
  CC rte_table_lpm_ipv6.o
  CC rte_table_lpm.o
  CC rte_table_hash_key8.o
  CC rte_table_acl.o
  CC rte_table_hash_key16.o
  CC rte_table_hash_cuckoo.o
  CC rte_table_hash_key32.o
  CC rte_table_hash_ext.o
  CC rte_table_hash_lru.o
  CC rte_table_array.o
  CC rte_table_stub.o
  AR librte_table.a
  INSTALL-LIB librte_table.a
== Build lib/librte_flow_classify
== Build lib/librte_pipeline
  CC rte_port_in_action.o
  CC rte_pipeline.o
  CC rte_table_action.o
  CC rte_flow_classify.o
  CC rte_flow_classify_parse.o
  AR librte_flow_classify.a
  INSTALL-LIB librte_flow_classify.a
  AR librte_vhost.a
  INSTALL-LIB librte_vhost.a
  AR librte_pipeline.a
  INSTALL-LIB librte_pipeline.a
== Build buildtools
== Build kernel
== Build buildtools/pmdinfogen
== Build kernel/linux
  HOSTCC pmdinfogen.o
== Build kernel/linux/igb_uio
== Build kernel/linux/kni
  HOSTLD dpdk-pmdinfogen
  INSTALL-HOSTAPP dpdk-pmdinfogen
== Build drivers
make[5]: *** No targets specified and no makefile found.  Stop.
/root/dpdk/mk/rte.module.mk:50: recipe for target 'rte_kni.ko' failed
make[4]: *** [rte_kni.ko] Error 2
make[5]: *** No targets specified and no makefile found.  Stop.
/root/dpdk/mk/rte.subdir.mk:35: recipe for target 'kni' failed
make[3]: *** [kni] Error 2
make[3]: *** Waiting for unfinished jobs....
/root/dpdk/mk/rte.module.mk:50: recipe for target 'igb_uio.ko' failed
make[4]: *** [igb_uio.ko] Error 2
/root/dpdk/mk/rte.subdir.mk:35: recipe for target 'igb_uio' failed
make[3]: *** [igb_uio] Error 2
/root/dpdk/mk/rte.subdir.mk:35: recipe for target 'linux' failed
make[2]: *** [linux] Error 2
/root/dpdk/mk/rte.sdkbuild.mk:46: recipe for target 'kernel' failed
make[1]: *** [kernel] Error 2
make[1]: *** Waiting for unfinished jobs....
== Build drivers/common
== Build drivers/common/cpt
== Build drivers/common/octeontx
== Build drivers/common/octeontx2
== Build drivers/common/dpaax
== Build drivers/bus
== Build drivers/bus/dpaa
== Build drivers/bus/pci
== Build drivers/bus/vdev
== Build drivers/bus/ifpga
== Build drivers/bus/fslmc
== Build drivers/bus/vmbus
== Build drivers/mempool
== Build drivers/mempool/dpaa
== Build drivers/mempool/stack
== Build drivers/mempool/dpaa2
== Build drivers/mempool/ring
== Build drivers/mempool/bucket
== Build drivers/mempool/octeontx2
== Build drivers/mempool/octeontx
== Build drivers/baseband
== Build drivers/common/qat
== Build drivers/crypto
== Build drivers/compress
== Build drivers/net
== Build drivers/compress/octeontx
== Build drivers/crypto/octeontx
== Build drivers/baseband/null
== Build drivers/crypto/dpaa2_sec
== Build drivers/crypto/null
== Build drivers/crypto/scheduler
== Build drivers/net/af_packet
== Build drivers/net/ark
== Build drivers/baseband/turbo_sw
== Build drivers/baseband/fpga_lte_fec
== Build drivers/crypto/dpaa_sec
== Build drivers/crypto/caam_jr
== Build drivers/crypto/virtio
== Build drivers/net/atlantic
== Build drivers/net/avp
== Build drivers/net/axgbe
== Build drivers/net/bonding
== Build drivers/net/cxgbe
== Build drivers/net/dpaa
== Build drivers/net/dpaa2
== Build drivers/net/e1000
== Build drivers/net/enetc
== Build drivers/net/ena
== Build drivers/net/enic
== Build drivers/net/failsafe
== Build drivers/net/fm10k
== Build drivers/net/hinic
== Build drivers/net/i40e
== Build drivers/net/iavf
== Build drivers/net/ice
== Build drivers/net/ipn3ke
== Build drivers/net/ixgbe
== Build drivers/net/liquidio
== Build drivers/net/memif
== Build drivers/net/netvsc
== Build drivers/net/nfp
== Build drivers/net/bnxt
== Build drivers/net/null
== Build drivers/net/octeontx
== Build drivers/net/octeontx2
== Build drivers/net/qede
== Build drivers/net/ring
== Build drivers/net/sfc
== Build drivers/net/tap
== Build drivers/net/thunderx
== Build drivers/net/vdev_netvsc
== Build drivers/net/virtio
== Build drivers/net/vmxnet3
== Build drivers/net/kni
== Build drivers/net/vhost
== Build drivers/net/softnic
== Build drivers/net/ifc
== Build drivers/event
== Build drivers/event/dsw
== Build drivers/event/skeleton
== Build drivers/event/sw
== Build drivers/event/opdl
== Build drivers/event/dpaa
== Build drivers/event/octeontx2
== Build drivers/event/octeontx
== Build drivers/event/dpaa2
== Build drivers/raw
== Build drivers/raw/skeleton
== Build drivers/raw/dpaa2_cmdif
== Build drivers/raw/ifpga
== Build drivers/raw/dpaa2_qdma
== Build drivers/raw/ioat
== Build drivers/raw/octeontx2_dma
== Build drivers/raw/ntb
/root/dpdk/mk/rte.sdkroot.mk:98: recipe for target 'all' failed
make: *** [all] Error 2
